<?xml version="1.0" encoding="UTF-8"?>
<!-- Generated by org.testng.reporters.JUnitXMLReporter -->
<testsuite ignored="7" hostname="DESKTOP-J666QAI" failures="0" tests="1" name="Default test" time="0.086" errors="0" timestamp="11 Jan 2021 08:51:16 GMT">
  <testcase classname="studi.co.Base.BaseClass" name="@BeforeTest beforeTest" time="0.0">
    <failure type="org.testng.TestNGException" message="
Parameter &amp;apos;type&amp;apos; is required by BeforeTest on method beforeTest but has not been marked @Optional or defined
in C:\Users\DELL\AppData\Local\Temp\testng-eclipse-1374811555\testng-customsuite.xml">
      <![CDATA[org.testng.TestNGException: 
Parameter 'type' is required by BeforeTest on method beforeTest but has not been marked @Optional or defined
in C:\Users\DELL\AppData\Local\Temp\testng-eclipse-1374811555\testng-customsuite.xml
at org.testng.internal.Parameters.createParams(Parameters.java:290)
at org.testng.internal.Parameters.createParametersForMethod(Parameters.java:359)
at org.testng.internal.Parameters.createParameters(Parameters.java:620)
at org.testng.internal.Parameters.createConfigurationParameters(Parameters.java:190)
at org.testng.internal.Invoker.invokeConfigurations(Invoker.java:209)
at org.testng.internal.Invoker.invokeConfigurations(Invoker.java:142)
at org.testng.TestRunner.beforeRun(TestRunner.java:529)
at org.testng.TestRunner.run(TestRunner.java:497)
at org.testng.SuiteRunner.runTest(SuiteRunner.java:455)
at org.testng.SuiteRunner.runSequentially(SuiteRunner.java:450)
at org.testng.SuiteRunner.privateRun(SuiteRunner.java:415)
at org.testng.SuiteRunner.run(SuiteRunner.java:364)
at org.testng.SuiteRunnerWorker.runSuite(SuiteRunnerWorker.java:52)
at org.testng.SuiteRunnerWorker.run(SuiteRunnerWorker.java:84)
at org.testng.TestNG.runSuitesSequentially(TestNG.java:1208)
at org.testng.TestNG.runSuitesLocally(TestNG.java:1137)
at org.testng.TestNG.runSuites(TestNG.java:1049)
at org.testng.TestNG.run(TestNG.java:1017)
at org.testng.remote.AbstractRemoteTestNG.run(AbstractRemoteTestNG.java:115)
at org.testng.remote.RemoteTestNG.initAndRun(RemoteTestNG.java:251)
at org.testng.remote.RemoteTestNG.main(RemoteTestNG.java:77)
]]>
    </failure>
  </testcase> <!-- @BeforeTest beforeTest -->
  <testcase classname="studi.co.testScripts.AFS_UserStory_65" name="@BeforeMethod Validate_Login" time="0.0">
    <skipped/>
  </testcase> <!-- @BeforeMethod Validate_Login -->
  <testcase classname="studi.co.testScripts.AFS_UserStory_65" name="T03_To_Verify_Practise_Quetions" time="0.0">
    <skipped/>
  </testcase> <!-- T03_To_Verify_Practise_Quetions -->
  <testcase classname="studi.co.testScripts.AFS_UserStory_65" name="T01_To_Verify_BeginPractise_Link" time="0.0">
    <ignored/>
  </testcase> <!-- T01_To_Verify_BeginPractise_Link -->
  <testcase classname="studi.co.testScripts.AFS_UserStory_65" name="T07_To_Verify_Warning_Message_On_Clicking_Back_Button" time="0.0">
    <ignored/>
  </testcase> <!-- T07_To_Verify_Warning_Message_On_Clicking_Back_Button -->
  <testcase classname="studi.co.testScripts.AFS_UserStory_65" name="T04_To_Verify_User_Can_Attempt_Practise_Quetions" time="0.0">
    <ignored/>
  </testcase> <!-- T04_To_Verify_User_Can_Attempt_Practise_Quetions -->
  <testcase classname="studi.co.testScripts.AFS_UserStory_65" name="T06_To_Verify_User_should_shown_proper_Response_for_incorrect_option" time="0.0">
    <ignored/>
  </testcase> <!-- T06_To_Verify_User_should_shown_proper_Response_for_incorrect_option -->
  <testcase classname="studi.co.testScripts.AFS_UserStory_65" name="T08_To_Verify_Confidence_Report_Page" time="0.0">
    <ignored/>
  </testcase> <!-- T08_To_Verify_Confidence_Report_Page -->
  <testcase classname="studi.co.testScripts.AFS_UserStory_65" name="T02_To_Verify_BeginPractise_Button" time="0.0">
    <ignored/>
  </testcase> <!-- T02_To_Verify_BeginPractise_Button -->
  <testcase classname="studi.co.testScripts.AFS_UserStory_65" name="T05_To_Verify_User_should_shown_proper_Response_for_correct_option" time="0.0">
    <ignored/>
  </testcase> <!-- T05_To_Verify_User_should_shown_proper_Response_for_correct_option -->
</testsuite> <!-- Default test -->
