<?xml version="1.0" encoding="UTF-8"?>
<!-- Generated by org.testng.reporters.JUnitXMLReporter -->
<testsuite ignored="1" hostname="DESKTOP-J666QAI" failures="0" tests="1" name="Device 01" time="175.845" errors="0" timestamp="13 Jan 2021 05:31:08 GMT">
  <testcase classname="studi.co.testScripts.AFS_UserStory_2" name="T02_To_Verify_User_Can_Launch_To_Revision" time="90.215"/>
  <testcase classname="studi.co.testScripts.AFS_UserStory_2" name="T01_To_Verify_User_Navigate_To_Revision" time="0.0">
    <ignored/>
  </testcase> <!-- T01_To_Verify_User_Navigate_To_Revision -->
</testsuite> <!-- Device 01 -->
