<?xml version="1.0" encoding="UTF-8"?>
<!-- Generated by org.testng.reporters.JUnitXMLReporter -->
<testsuite ignored="2" hostname="DESKTOP-J666QAI" failures="0" tests="1" name="Device 01" time="266.273" errors="0" timestamp="06 Jan 2021 13:01:24 GMT">
  <testcase classname="studi.co.testScripts.AFS_UserStory_65" name="T03_To_verify_Practise_Quetions" time="168.423"/>
  <testcase classname="studi.co.testScripts.AFS_UserStory_65" name="T01_To_verify_BeginPractise_Link" time="0.0">
    <ignored/>
  </testcase> <!-- T01_To_verify_BeginPractise_Link -->
  <testcase classname="studi.co.testScripts.AFS_UserStory_65" name="T02_To_verify_BeginPractise_Button" time="0.0">
    <ignored/>
  </testcase> <!-- T02_To_verify_BeginPractise_Button -->
</testsuite> <!-- Device 01 -->
