<?xml version="1.0" encoding="UTF-8"?>
<testng-results ignored="2" total="3" passed="1" failed="0" skipped="0">
  <reporter-output>
  </reporter-output>
  <suite started-at="2021-01-06T12:56:57Z" name="Suite" finished-at="2021-01-06T13:01:24Z" duration-ms="266273">
    <groups>
    </groups>
    <test started-at="2021-01-06T12:56:57Z" name="Device 01" finished-at="2021-01-06T13:01:24Z" duration-ms="266273">
      <class name="studi.co.testScripts.AFS_UserStory_65">
        <test-method is-config="true" signature="beforeTest(java.lang.String)[pri:0, instance:studi.co.testScripts.AFS_UserStory_65@1e461e41]" started-at="2021-01-06T12:56:58Z" name="beforeTest" finished-at="2021-01-06T12:57:25Z" duration-ms="27710" status="PASS">
          <params>
            <param index="0">
              <value>
                <![CDATA[Android]]>
              </value>
            </param>
          </params>
          <reporter-output>
          </reporter-output>
        </test-method> <!-- beforeTest -->
        <test-method is-config="true" signature="Validate_Login()[pri:0, instance:studi.co.testScripts.AFS_UserStory_65@1e461e41]" started-at="2021-01-06T12:57:25Z" name="Validate_Login" finished-at="2021-01-06T12:58:35Z" duration-ms="69778" status="PASS">
          <reporter-output>
          </reporter-output>
        </test-method> <!-- Validate_Login -->
        <test-method signature="T03_To_verify_Practise_Quetions()[pri:0, instance:studi.co.testScripts.AFS_UserStory_65@1e461e41]" started-at="2021-01-06T12:58:35Z" name="T03_To_verify_Practise_Quetions" finished-at="2021-01-06T13:01:24Z" duration-ms="168423" status="PASS">
          <reporter-output>
          </reporter-output>
        </test-method> <!-- T03_To_verify_Practise_Quetions -->
      </class> <!-- studi.co.testScripts.AFS_UserStory_65 -->
    </test> <!-- Device 01 -->
  </suite> <!-- Suite -->
</testng-results>
